
  ___  ____  ____  ____  ____ ®
 /__    /   ____/   /   ____/      17.0
___/   /   /___/   /   /___/       BE—Basic Edition

 Statistics and Data Science       Copyright 1985-2021 StataCorp LLC
                                   StataCorp
                                   4905 Lakeway Drive
                                   College Station, Texas 77845 USA
                                   800-STATA-PC        https://www.stata.com
                                   979-696-4600        stata@stata.com

Stata license: 22-user network, expiring 30 Jun 2025
Serial number: 501809309427
  Licensed to: The University of Chicago Booth School of Business
               Mercury Computing Cluster

Notes:
      1. Stata is running in batch mode.
      2. Unicode is supported; see help unicode_advice.

. do "startup_stats_cluster.do" 

. /*
> Lauren Mostrom
> 2nd Year Paper: Finance and Dynamism
> 
> startup_stats.do
> 
> */
. 
. forval y = 1997/2022 {
  2. 
.         zipuse "`y'.dta.zip", clear
  3. 
. 
. if `y' == 2004 | inrange(`y',2006,2009) {
  4.         drop if abi == .
  5. }
  6. isid abi
  7. 
. gen new_est = year1stappeared == `y'
  8. 
. 
. bys parentnumber: egen all_new_est = min(new_est)
  9.         gen new_firm = all_new_est if parentnumber != .
 10.         replace new_firm = new_est if parentnumber == .
 11.         
. 
. 
. gen naics2 = int(primarynaicscode/1000000)
 12.         gen naics2desc = "Agriculture, Forestry, Fishing and Hunting" if n
> aics2 == 11
 13.         replace naics2desc = "Mining" if naics2 == 21
 14.         replace naics2desc = "Utilities" if naics2 == 22
 15.         replace naics2desc = "Construction" if naics2 == 23
 16.         replace naics2desc = "Manufacturing" if inrange(naics2, 31, 33)
 17.         replace naics2desc = "Wholesale Trade" if naics2 == 42
 18.         replace naics2desc = "Retail Trade" if inrange(naics2, 44, 45)
 19.         replace naics2desc = "Transportation and Warehousing" if inrange(n
> aics2, 48, 49)
 20.         replace naics2desc = "Information" if naics2 == 51
 21.         replace naics2desc = "Finance and Insurance" if naics2 == 52
 22.         replace naics2desc = "Real Estate and Rental and Leasing" if naics
> 2 == 53
 23.         replace naics2desc = "Professional, Scientific, and Technical Serv
> ices" if naics2 == 54
 24.         replace naics2desc = "Management of Companies and Enterprises" if 
> naics2 == 55
 25.         replace naics2desc = "Administrative and Support and Waste Managem
> ent and Remediation Services" if naics2 == 56
 26.         replace naics2desc = "Educational Services" if naics2 == 61
 27.         replace naics2desc = "Health Care and Social Assistance" if naics2
>  == 62
 28.         replace naics2desc = "Arts, Entertainment, and Recreation" if naic
> s2 == 71
 29.         replace naics2desc = "Accommodation and Food Services" if naics2 =
> = 72
 30.         replace naics2desc = "Other Services (except Public Administration
> )" if naics2 == 81
 31.         replace naics2desc = "Public Administration" if naics2 == 92
 32.         #delimit ;
delimiter now ;
.         global industries Agriculture "Mining" "Utilities" "Construction" "Ma
> nufacturing"
>                                         "Wholesale Trade" "Retail Trade" "Tra
> nsportation and Warehousing"
>                                         "Information" "Finance and Insurance"
>  "Real Estate"
>                                         "Professional" "Management" "Administ
> rative and Support"
>                                         "Educational Services" "Health Care" 
> "Arts, Entertainment, and Recreation"
>                                         "Accommodation and Food Services" "Ot
> her Services" "Public Administration";
 33.         #delimit cr
delimiter now cr
.         
. /*
> 
> preserve // Aggregate startup rate over time, IQR for states
>         gen statefips = int(fipscode/1000)
>         egen tag_state = tag(parentnumber statefips)
>                 drop if tag_state == 0 & parentnumber != .
>                 
>         collapse (sum) new_firm (count) n_firms = abi, by(statefips) fast
> 
>         gen sr = new_firm/n_firms
>         collapse (mean) sr_mean = sr (p25) sr_p25 = sr (p75) sr_p75 = sr, fas
> t
>         gen year = `y'
>         
>         save "startup_rates/agg`y'.dta", replace
> restore
> preserve // Aggregate startup rate over time
>         egen tag_state = tag(parentnumber)
>                 drop if tag_state == 0 & parentnumber != .
>                 
>         collapse (sum) new_firm (count) n_firms = abi, fast
> 
>         gen sr = new_firm/n_firms
>         gen year = `y'
>         
>         save "startup_rates/agg`y'_sr.dta", replace
> restore
> 
> 
> preserve // Industry-by-CBSA-level startup rate
>         gen nonmetro = inlist(cbsacode, ., 0)
>         assert cbsacode > 100 if nonmetro == 0
>         gen statefips = int(fipscode/1000)
>         replace cbsacode = statefips if nonmetro == 1
>         egen tag_indcbsa = tag(parentnumber naics2desc cbsacode nonmetro)
>                 drop if tag_indcbsa == 0 & parentnumber != .
>                 
>         collapse (sum) new_firm (count) n_firms = abi, by(naics2desc cbsacode
>  nonmetro) fast
>         drop if naics2desc == ""
> 
>         gen sr = new_firm/n_firms
>         gen year = `y'
>         
>         save "startup_rates/ind-cbsa`y'.dta", replace
> restore
> */
. 
. preserve // Industry-by-State-level startup rate
 34.         gen statefips = int(fipscode/1000)
 35.         egen tag_indst = tag(parentnumber naics2desc statefips)
 36.                 drop if tag_indst == 0 & parentnumber != .
 37.                 
.         collapse (sum) new_firm (count) n_firms = abi, by(naics2desc state) f
> ast
 38.         drop if naics2desc == ""
 39. 
.         gen sr = new_firm/n_firms
 40.         gen year = `y'
 41.         
.         save "startup_rates/ind-state`y'.dta", replace
 42. restore
 43. 
. 
